#
# A fatal error has been detected by the Java Runtime Environment:
#
#  EXCEPTION_ACCESS_VIOLATION (0xc0000005) at pc=0x000000005654ad8e, pid=13820, tid=0x0000000000004d64
#
# JRE version: Java(TM) SE Runtime Environment (8.0_202-b08) (build 1.8.0_202-b08)
# Java VM: Java HotSpot(TM) 64-Bit Server VM (25.202-b08 mixed mode windows-amd64 compressed oops)
# Problematic frame:
# V  [jvm.dll+0x14ad8e]
#
# Failed to write core dump. Minidumps are not enabled by default on client versions of Windows
#
# If you would like to submit a bug report, please visit:
#   http://bugreport.java.com/bugreport/crash.jsp
#

---------------  T H R E A D  ---------------

Current thread (0x000000001b72c800):  JavaThread "Thread-3" [_thread_in_vm, id=19812, stack(0x000000001caf0000,0x000000001cbf0000)]

siginfo: ExceptionCode=0xc0000005, reading address 0x0000000000000000

Registers:
RAX=0x0000000000000000, RBX=0x0000000000000000, RCX=0x0000000000000c80, RDX=0x0000000000000000
RSP=0x000000001cbee4e0, RBP=0x000000001cbee6a0, RSI=0x000000001b72c9f8, RDI=0x000000001b72c800
R8 =0x0000000019f755b8, R9 =0x000000001e0ab790, R10=0x00000001800031f0, R11=0x000000001cbee620
R12=0x0000000000000000, R13=0x0000000084d8aab8, R14=0x000000001cbee690, R15=0x000000001b72c800
RIP=0x000000005654ad8e, EFLAGS=0x0000000000010246

Top of Stack: (sp=0x000000001cbee4e0)
0x000000001cbee4e0:   00000001800223d8 00000001800223d8
0x000000001cbee4f0:   000000001cbee6a0 000000001cbee5d8
0x000000001cbee500:   0000000019f755b8 0000000180002440
0x000000001cbee510:   0000000000000000 0000000180001173
0x000000001cbee520:   0000000000000000 0000000180002440
0x000000001cbee530:   0000000000000000 000000001b72c800
0x000000001cbee540:   0000000000000000 000000001cbee5a0
0x000000001cbee550:   000000003960f0a8 000000000000010c
0x000000001cbee560:   000000001e0ab790 0000000000000000
0x000000001cbee570:   0000000400000001 000000001cbee4d0
0x000000001cbee580:   0000000180022390 0000000a00000060
0x000000001cbee590:   000000001cbee4f0 0000000000000000
0x000000001cbee5a0:   000000001d2c7290 0000000100175e18
0x000000001cbee5b0:   000000001cbee790 0000000180003ed5
0x000000001cbee5c0:   00000001000642f0 00000001800025cd
0x000000001cbee5d0:   0000000019f755b8 000000001e0ab790 

Instructions: (pc=0x000000005654ad8e)
0x000000005654ad6e:   00 48 83 7f 08 00 48 89 7c 24 58 48 c7 44 24 60
0x000000005654ad7e:   00 00 00 00 74 0a 48 8d 4c 24 58 e8 22 40 13 00
0x000000005654ad8e:   48 8b 0b e8 fa e3 f1 ff 4c 8b c7 33 d2 48 8b d8
0x000000005654ad9e:   48 8b 00 48 8b cb ff 50 78 48 83 7f 08 00 74 04 


Register to memory mapping:

RAX=0x0000000000000000 is an unknown value
RBX=0x0000000000000000 is an unknown value
RCX=0x0000000000000c80 is an unknown value
RDX=0x0000000000000000 is an unknown value
RSP=0x000000001cbee4e0 is pointing into the stack for thread: 0x000000001b72c800
RBP=0x000000001cbee6a0 is pointing into the stack for thread: 0x000000001b72c800
RSI=0x000000001b72c9f8 is an unknown value
RDI=0x000000001b72c800 is a thread
R8 =0x0000000019f755b8 is an unknown value
R9 =0x000000001e0ab790 is an unknown value
R10=0x00000001800031f0 is an unknown value
R11=0x000000001cbee620 is pointing into the stack for thread: 0x000000001b72c800
R12=0x0000000000000000 is an unknown value
R13=0x0000000084d8aab8 is an oop
java.lang.Class 
 - klass: 'java/lang/Class'
R14=0x000000001cbee690 is pointing into the stack for thread: 0x000000001b72c800
R15=0x000000001b72c800 is a thread


Stack: [0x000000001caf0000,0x000000001cbf0000],  sp=0x000000001cbee4e0,  free space=1017k
Native frames: (J=compiled Java code, j=interpreted, Vv=VM code, C=native code)
V  [jvm.dll+0x14ad8e]
C  [jna1014599620303085205.tmp+0x3ed5]
C  [jna1014599620303085205.tmp+0x3251]
C  0x00000000037a9083

Java frames: (J=compiled Java code, j=interpreted, Vv=VM code)
J 1503  com.sun.jna.Pointer._getPointer(J)Lcom/sun/jna/Pointer; (0 bytes) @ 0x00000000037a9001 [0x00000000037a8fc0+0x41]
J 2221 C2 com.sun.jna.Function.convertArgument([Ljava/lang/Object;ILjava/lang/reflect/Method;Lcom/sun/jna/TypeMapper;Z)Ljava/lang/Object; (1042 bytes) @ 0x0000000003a2b9c4 [0x0000000003a2b460+0x564]
J 2372 C2 com.sun.jna.Function.invoke(Ljava/lang/Class;[Ljava/lang/Object;Ljava/util/Map;)Ljava/lang/Object; (572 bytes) @ 0x0000000003a7e9bc [0x0000000003a7dbe0+0xddc]
J 2880 C2 com.sun.jna.Library$Handler.invoke(Ljava/lang/Object;Ljava/lang/reflect/Method;[Ljava/lang/Object;)Ljava/lang/Object; (348 bytes) @ 0x0000000003c2df1c [0x0000000003c2da80+0x49c]
J 3137 C2 com.sun.proxy.$Proxy0.libvlc_event_attach(Luk/co/caprica/vlcj/binding/internal/libvlc_event_manager_t;ILuk/co/caprica/vlcj/binding/internal/libvlc_callback_t;Lcom/sun/jna/Pointer;)I (57 bytes) @ 0x00000000034a64c4 [0x00000000034a6320+0x1a4]
J 2391 C1 uk.co.caprica.vlcj.player.DefaultMediaPlayer.registerEventListener()V (135 bytes) @ 0x0000000003a92c44 [0x0000000003a91f40+0xd04]
J 3636 C1 uk.co.caprica.vlcj.player.DefaultMediaPlayer.createInstance()V (140 bytes) @ 0x00000000037e8034 [0x00000000037e7680+0x9b4]
J 3463 C1 uk.co.caprica.vlcj.player.DefaultMediaPlayer.<init>(Luk/co/caprica/vlcj/binding/LibVlc;Luk/co/caprica/vlcj/binding/internal/libvlc_instance_t;)V (79 bytes) @ 0x0000000003dcebe4 [0x0000000003dcdda0+0xe44]
J 3267 C1 uk.co.caprica.vlcj.player.embedded.DefaultEmbeddedMediaPlayer.<init>(Luk/co/caprica/vlcj/binding/LibVlc;Luk/co/caprica/vlcj/binding/internal/libvlc_instance_t;Luk/co/caprica/vlcj/player/embedded/FullScreenStrategy;)V (38 bytes) @ 0x00000000036ace94 [0x00000000036ace00+0x94]
J 3011 C1 server.frmMain.<init>()V (71 bytes) @ 0x0000000003cf8eec [0x0000000003cf8220+0xccc]
j  server.Vidthread.run()V+4
v  ~StubRoutines::call_stub

---------------  P R O C E S S  ---------------

Java Threads: ( => current thread )
  0x000000001b72b800 JavaThread "Thread-1" daemon [_thread_in_native, id=22220, stack(0x0000000053400000,0x0000000053500000)]
=>0x000000001b72c800 JavaThread "Thread-3" [_thread_in_vm, id=19812, stack(0x000000001caf0000,0x000000001cbf0000)]
  0x000000001b72e000 JavaThread "Thread-5" [_thread_blocked, id=21556, stack(0x000000001c9f0000,0x000000001caf0000)]
  0x000000001b727000 JavaThread "Thread-4" [_thread_blocked, id=17844, stack(0x000000001c8f0000,0x000000001c9f0000)]
  0x000000001b45e800 JavaThread "AWT-EventQueue-0" [_thread_blocked, id=1580, stack(0x000000001d2e0000,0x000000001d3e0000)]
  0x000000001b3f3000 JavaThread "AWT-Windows" daemon [_thread_blocked, id=26196, stack(0x000000001bdf0000,0x000000001bef0000)]
  0x000000001b3f0000 JavaThread "AWT-Shutdown" [_thread_blocked, id=24192, stack(0x000000001bcf0000,0x000000001bdf0000)]
  0x000000001b3ef800 JavaThread "Java2D Disposer" daemon [_thread_blocked, id=11632, stack(0x000000001bbf0000,0x000000001bcf0000)]
  0x0000000019fbc800 JavaThread "Service Thread" daemon [_thread_blocked, id=18872, stack(0x000000001ac10000,0x000000001ad10000)]
  0x0000000019f33000 JavaThread "C1 CompilerThread3" daemon [_thread_blocked, id=17100, stack(0x000000001ab10000,0x000000001ac10000)]
  0x0000000019f2d000 JavaThread "C2 CompilerThread2" daemon [_thread_blocked, id=11548, stack(0x000000001aa10000,0x000000001ab10000)]
  0x0000000019f28000 JavaThread "C2 CompilerThread1" daemon [_thread_blocked, id=11376, stack(0x000000001a910000,0x000000001aa10000)]
  0x0000000019f22800 JavaThread "C2 CompilerThread0" daemon [_thread_blocked, id=25960, stack(0x000000001a810000,0x000000001a910000)]
  0x0000000019f20000 JavaThread "Attach Listener" daemon [_thread_blocked, id=25420, stack(0x000000001a710000,0x000000001a810000)]
  0x0000000019f1d000 JavaThread "Signal Dispatcher" daemon [_thread_blocked, id=10544, stack(0x000000001a610000,0x000000001a710000)]
  0x0000000019f10800 JavaThread "Finalizer" daemon [_thread_blocked, id=15024, stack(0x000000001a3f0000,0x000000001a4f0000)]
  0x00000000032c6000 JavaThread "Reference Handler" daemon [_thread_blocked, id=18960, stack(0x000000001a2f0000,0x000000001a3f0000)]
  0x00000000031d2800 JavaThread "main" [_thread_in_native, id=22388, stack(0x0000000003080000,0x0000000003180000)]

Other Threads:
  0x0000000018129000 VMThread [stack: 0x0000000019df0000,0x0000000019ef0000] [id=21512]
  0x0000000019f71800 WatcherThread [stack: 0x000000001ad10000,0x000000001ae10000] [id=12436]

VM state:synchronizing (normal execution)

VM Mutex/Monitor currently owned by a thread:  ([mutex/lock_event])
[0x000000000303eab0] Threads_lock - owner thread: 0x0000000018129000
[0x000000000303e730] Heap_lock - owner thread: 0x000000001b727000

heap address: 0x0000000083a00000, size: 1990 MB, Compressed Oops mode: 32-bit
Narrow klass base: 0x0000000000000000, Narrow klass shift: 3
Compressed class space size: 1073741824 Address: 0x0000000100000000

Heap:
 PSYoungGen      total 48640K, used 46631K [0x00000000d6900000, 0x00000000d9f80000, 0x0000000100000000)
  eden space 42496K, 100% used [0x00000000d6900000,0x00000000d9280000,0x00000000d9280000)
  from space 6144K, 67% used [0x00000000d9980000,0x00000000d9d89f38,0x00000000d9f80000)
  to   space 6656K, 0% used [0x00000000d9280000,0x00000000d9280000,0x00000000d9900000)
 ParOldGen       total 86016K, used 78384K [0x0000000083a00000, 0x0000000088e00000, 0x00000000d6900000)
  object space 86016K, 91% used [0x0000000083a00000,0x000000008868c268,0x0000000088e00000)
 Metaspace       used 15226K, capacity 15494K, committed 15616K, reserved 1062912K
  class space    used 1683K, capacity 1778K, committed 1792K, reserved 1048576K

Card table byte_map: [0x0000000012690000,0x0000000012a80000] byte_map_base: 0x0000000012273000

Marking Bits: (ParMarkBitMap*) 0x0000000056c25ce0
 Begin Bits: [0x0000000013520000, 0x0000000015438000)
 End Bits:   [0x0000000015438000, 0x0000000017350000)

Polling page: 0x0000000003000000

CodeCache: size=245760Kb used=11797Kb max_used=11800Kb free=233962Kb
 bounds [0x00000000032d0000, 0x0000000003e80000, 0x00000000122d0000]
 total_blobs=3770 nmethods=3262 adapters=418
 compilation: enabled

Compilation events (10 events):
Event: 62.705 Thread 0x0000000019f33000 3776       3       java.awt.event.InvocationEvent::<init> (13 bytes)
Event: 62.706 Thread 0x0000000019f33000 nmethod 3776 0x00000000037f9550 code [0x00000000037f96c0, 0x00000000037f9868]
Event: 62.757 Thread 0x0000000019f22800 3777 % !   4       server.SThread::run @ 0 (182 bytes)
Event: 62.791 Thread 0x0000000019f22800 nmethod 3777% 0x000000000392cf90 code [0x000000000392d1e0, 0x000000000392e290]
Event: 62.894 Thread 0x0000000019f33000 3778       1       java.util.Arrays$ArrayList::get (7 bytes)
Event: 62.894 Thread 0x0000000019f33000 nmethod 3778 0x00000000037f9210 code [0x00000000037f9360, 0x00000000037f9490]
Event: 62.914 Thread 0x0000000019f28000 3779       4       java.awt.EventDispatchThread$HierarchyEventFilter::acceptEvent (225 bytes)
Event: 62.914 Thread 0x0000000019f33000 3780   !   3       java.awt.EventDispatchThread::pumpOneEventForFilters (190 bytes)
Event: 62.914 Thread 0x0000000019f28000 nmethod 3779 0x0000000003671ad0 code [0x0000000003671c00, 0x0000000003671c98]
Event: 62.916 Thread 0x0000000019f33000 nmethod 3780 0x0000000003787510 code [0x0000000003787820, 0x0000000003788f28]

GC Heap History (10 events):
Event: 62.934 GC heap before
{Heap before GC invocations=186 (full 0):
 PSYoungGen      total 31232K, used 24320K [0x00000000d6900000, 0x00000000d9480000, 0x0000000100000000)
  eden space 24064K, 100% used [0x00000000d6900000,0x00000000d8080000,0x00000000d8080000)
  from space 7168K, 3% used [0x00000000d8080000,0x00000000d80c0000,0x00000000d8780000)
  to   space 7680K, 0% used [0x00000000d8d00000,0x00000000d8d00000,0x00000000d9480000)
 ParOldGen       total 86016K, used 78024K [0x0000000083a00000, 0x0000000088e00000, 0x00000000d6900000)
  object space 86016K, 90% used [0x0000000083a00000,0x0000000088632298,0x0000000088e00000)
 Metaspace       used 15188K, capacity 15494K, committed 15616K, reserved 1062912K
  class space    used 1679K, capacity 1778K, committed 1792K, reserved 1048576K
Event: 62.936 GC heap after
Heap after GC invocations=186 (full 0):
 PSYoungGen      total 35840K, used 4103K [0x00000000d6900000, 0x00000000d9380000, 0x0000000100000000)
  eden space 29184K, 0% used [0x00000000d6900000,0x00000000d6900000,0x00000000d8580000)
  from space 6656K, 61% used [0x00000000d8d00000,0x00000000d9101f38,0x00000000d9380000)
  to   space 7168K, 0% used [0x00000000d8580000,0x00000000d8580000,0x00000000d8c80000)
 ParOldGen       total 86016K, used 78088K [0x0000000083a00000, 0x0000000088e00000, 0x00000000d6900000)
  object space 86016K, 90% used [0x0000000083a00000,0x0000000088642298,0x0000000088e00000)
 Metaspace       used 15188K, capacity 15494K, committed 15616K, reserved 1062912K
  class space    used 1679K, capacity 1778K, committed 1792K, reserved 1048576K
}
Event: 62.996 GC heap before
{Heap before GC invocations=187 (full 0):
 PSYoungGen      total 35840K, used 33287K [0x00000000d6900000, 0x00000000d9380000, 0x0000000100000000)
  eden space 29184K, 100% used [0x00000000d6900000,0x00000000d8580000,0x00000000d8580000)
  from space 6656K, 61% used [0x00000000d8d00000,0x00000000d9101f38,0x00000000d9380000)
  to   space 7168K, 0% used [0x00000000d8580000,0x00000000d8580000,0x00000000d8c80000)
 ParOldGen       total 86016K, used 78088K [0x0000000083a00000, 0x0000000088e00000, 0x00000000d6900000)
  object space 86016K, 90% used [0x0000000083a00000,0x0000000088642298,0x0000000088e00000)
 Metaspace       used 15188K, capacity 15494K, committed 15616K, reserved 1062912K
  class space    used 1679K, capacity 1778K, committed 1792K, reserved 1048576K
Event: 62.997 GC heap after
Heap after GC invocations=187 (full 0):
 PSYoungGen      total 36352K, used 5418K [0x00000000d6900000, 0x00000000d9a80000, 0x0000000100000000)
  eden space 29184K, 0% used [0x00000000d6900000,0x00000000d6900000,0x00000000d8580000)
  from space 7168K, 75% used [0x00000000d8580000,0x00000000d8aca9a0,0x00000000d8c80000)
  to   space 7680K, 0% used [0x00000000d9300000,0x00000000d9300000,0x00000000d9a80000)
 ParOldGen       total 86016K, used 78128K [0x0000000083a00000, 0x0000000088e00000, 0x00000000d6900000)
  object space 86016K, 90% used [0x0000000083a00000,0x000000008864c258,0x0000000088e00000)
 Metaspace       used 15188K, capacity 15494K, committed 15616K, reserved 1062912K
  class space    used 1679K, capacity 1778K, committed 1792K, reserved 1048576K
}
Event: 63.072 GC heap before
{Heap before GC invocations=188 (full 0):
 PSYoungGen      total 36352K, used 34602K [0x00000000d6900000, 0x00000000d9a80000, 0x0000000100000000)
  eden space 29184K, 100% used [0x00000000d6900000,0x00000000d8580000,0x00000000d8580000)
  from space 7168K, 75% used [0x00000000d8580000,0x00000000d8aca9a0,0x00000000d8c80000)
  to   space 7680K, 0% used [0x00000000d9300000,0x00000000d9300000,0x00000000d9a80000)
 ParOldGen       total 86016K, used 78128K [0x0000000083a00000, 0x0000000088e00000, 0x00000000d6900000)
  object space 86016K, 90% used [0x0000000083a00000,0x000000008864c258,0x0000000088e00000)
 Metaspace       used 15188K, capacity 15494K, committed 15616K, reserved 1062912K
  class space    used 1679K, capacity 1778K, committed 1792K, reserved 1048576K
Event: 63.074 GC heap after
Heap after GC invocations=188 (full 0):
 PSYoungGen      total 41984K, used 4151K [0x00000000d6900000, 0x00000000d9980000, 0x0000000100000000)
  eden space 35328K, 0% used [0x00000000d6900000,0x00000000d6900000,0x00000000d8b80000)
  from space 6656K, 62% used [0x00000000d9300000,0x00000000d970df48,0x00000000d9980000)
  to   space 7168K, 0% used [0x00000000d8b80000,0x00000000d8b80000,0x00000000d9280000)
 ParOldGen       total 86016K, used 78208K [0x0000000083a00000, 0x0000000088e00000, 0x00000000d6900000)
  object space 86016K, 90% used [0x0000000083a00000,0x0000000088660268,0x0000000088e00000)
 Metaspace       used 15188K, capacity 15494K, committed 15616K, reserved 1062912K
  class space    used 1679K, capacity 1778K, committed 1792K, reserved 1048576K
}
Event: 63.161 GC heap before
{Heap before GC invocations=189 (full 0):
 PSYoungGen      total 41984K, used 39479K [0x00000000d6900000, 0x00000000d9980000, 0x0000000100000000)
  eden space 35328K, 100% used [0x00000000d6900000,0x00000000d8b80000,0x00000000d8b80000)
  from space 6656K, 62% used [0x00000000d9300000,0x00000000d970df48,0x00000000d9980000)
  to   space 7168K, 0% used [0x00000000d8b80000,0x00000000d8b80000,0x00000000d9280000)
 ParOldGen       total 86016K, used 78208K [0x0000000083a00000, 0x0000000088e00000, 0x00000000d6900000)
  object space 86016K, 90% used [0x0000000083a00000,0x0000000088660268,0x0000000088e00000)
 Metaspace       used 15188K, capacity 15494K, committed 15616K, reserved 1062912K
  class space    used 1679K, capacity 1778K, committed 1792K, reserved 1048576K
Event: 63.163 GC heap after
Heap after GC invocations=189 (full 0):
 PSYoungGen      total 42496K, used 4103K [0x00000000d6900000, 0x00000000da080000, 0x0000000100000000)
  eden space 35328K, 0% used [0x00000000d6900000,0x00000000d6900000,0x00000000d8b80000)
  from space 7168K, 57% used [0x00000000d8b80000,0x00000000d8f81f38,0x00000000d9280000)
  to   space 7168K, 0% used [0x00000000d9980000,0x00000000d9980000,0x00000000da080000)
 ParOldGen       total 86016K, used 78280K [0x0000000083a00000, 0x0000000088e00000, 0x00000000d6900000)
  object space 86016K, 91% used [0x0000000083a00000,0x0000000088672268,0x0000000088e00000)
 Metaspace       used 15188K, capacity 15494K, committed 15616K, reserved 1062912K
  class space    used 1679K, capacity 1778K, committed 1792K, reserved 1048576K
}
Event: 63.229 GC heap before
{Heap before GC invocations=190 (full 0):
 PSYoungGen      total 42496K, used 39431K [0x00000000d6900000, 0x00000000da080000, 0x0000000100000000)
  eden space 35328K, 100% used [0x00000000d6900000,0x00000000d8b80000,0x00000000d8b80000)
  from space 7168K, 57% used [0x00000000d8b80000,0x00000000d8f81f38,0x00000000d9280000)
  to   space 7168K, 0% used [0x00000000d9980000,0x00000000d9980000,0x00000000da080000)
 ParOldGen       total 86016K, used 78280K [0x0000000083a00000, 0x0000000088e00000, 0x00000000d6900000)
  object space 86016K, 91% used [0x0000000083a00000,0x0000000088672268,0x0000000088e00000)
 Metaspace       used 15188K, capacity 15494K, committed 15616K, reserved 1062912K
  class space    used 1679K, capacity 1778K, committed 1792K, reserved 1048576K
Event: 63.231 GC heap after
Heap after GC invocations=190 (full 0):
 PSYoungGen      total 48640K, used 4135K [0x00000000d6900000, 0x00000000d9f80000, 0x0000000100000000)
  eden space 42496K, 0% used [0x00000000d6900000,0x00000000d6900000,0x00000000d9280000)
  from space 6144K, 67% used [0x00000000d9980000,0x00000000d9d89f38,0x00000000d9f80000)
  to   space 6656K, 0% used [0x00000000d9280000,0x00000000d9280000,0x00000000d9900000)
 ParOldGen       total 86016K, used 78384K [0x0000000083a00000, 0x0000000088e00000, 0x00000000d6900000)
  object space 86016K, 91% used [0x0000000083a00000,0x000000008868c268,0x0000000088e00000)
 Metaspace       used 15188K, capacity 15494K, committed 15616K, reserved 1062912K
  class space    used 1679K, capacity 1778K, committed 1792K, reserved 1048576K
}

Deoptimization events (10 events):
Event: 26.558 Thread 0x000000001b72c800 Uncommon trap: reason=speculate_class_check action=maybe_recompile pc=0x0000000003b7a1a8 method=java.awt.EventQueue.coalesceEvent(Ljava/awt/AWTEvent;I)Z @ 53
Event: 27.633 Thread 0x000000001b45e800 Uncommon trap: reason=class_check action=maybe_recompile pc=0x000000000382fac8 method=javax.swing.RepaintManager.addDirtyRegion0(Ljava/awt/Container;IIII)V @ 91
Event: 40.874 Thread 0x000000001b72c800 Uncommon trap: reason=null_check action=make_not_entrant pc=0x000000000365d094 method=javax.swing.text.StyleContext$SmallAttributeSet.equals(Ljava/lang/Object;)Z @ 1
Event: 62.458 Thread 0x000000001b45e800 Uncommon trap: reason=unstable_if action=reinterpret pc=0x0000000003da5134 method=java.awt.Container.isParentOf(Ljava/awt/Component;)Z @ 13
Event: 62.481 Thread 0x000000001b45e800 Uncommon trap: reason=unstable_if action=reinterpret pc=0x0000000003c4bc24 method=java.awt.EventQueue.getPriority(Ljava/awt/AWTEvent;)I @ 22
Event: 62.481 Thread 0x000000001b45e800 Uncommon trap: reason=unstable_if action=reinterpret pc=0x00000000037a1e38 method=java.awt.EventQueue.uncacheEQItem(Lsun/awt/EventQueueItem;)V @ 23
Event: 62.513 Thread 0x000000001b45e800 Uncommon trap: reason=class_check action=maybe_recompile pc=0x000000000382fac8 method=javax.swing.RepaintManager.addDirtyRegion0(Ljava/awt/Container;IIII)V @ 91
Event: 63.299 Thread 0x000000001b72b000 Uncommon trap: reason=unstable_if action=reinterpret pc=0x0000000003d3b40c method=java.lang.Class.privateGetDeclaredFields(Z)[Ljava/lang/reflect/Field; @ 13
Event: 63.299 Thread 0x000000001b72b000 Uncommon trap: reason=unstable_if action=reinterpret pc=0x0000000003b70fc8 method=java.lang.Class.searchFields([Ljava/lang/reflect/Field;Ljava/lang/String;)Ljava/lang/reflect/Field; @ 20
Event: 63.299 Thread 0x000000001b72b000 Uncommon trap: reason=unstable_if action=reinterpret pc=0x0000000003b45f2c method=java.lang.reflect.Method.invoke(Ljava/lang/Object;[Ljava/lang/Object;)Ljava/lang/Object; @ 45

Classes redefined (0 events):
No events

Internal exceptions (10 events):
Event: 9.185 Thread 0x000000001b72e000 Exception <a 'java/lang/NullPointerException'> (0x00000000d6ec2050) thrown at [C:\re\workspace\8-2-build-windows-amd64-cygwin\jdk8u202\12323\hotspot\src\share\vm\interpreter\linkResolver.cpp, line 1185]
Event: 9.185 Thread 0x000000001b72e000 Exception <a 'java/lang/NullPointerException'> (0x00000000d6ec2258) thrown at [C:\re\workspace\8-2-build-windows-amd64-cygwin\jdk8u202\12323\hotspot\src\share\vm\interpreter\linkResolver.cpp, line 1185]
Event: 9.185 Thread 0x000000001b72e000 Exception <a 'java/lang/NullPointerException'> (0x00000000d6ec2460) thrown at [C:\re\workspace\8-2-build-windows-amd64-cygwin\jdk8u202\12323\hotspot\src\share\vm\interpreter\linkResolver.cpp, line 1185]
Event: 9.185 Thread 0x000000001b72e000 Exception <a 'java/lang/NullPointerException'> (0x00000000d6ec2668) thrown at [C:\re\workspace\8-2-build-windows-amd64-cygwin\jdk8u202\12323\hotspot\src\share\vm\interpreter\linkResolver.cpp, line 1185]
Event: 9.185 Thread 0x000000001b72e000 Exception <a 'java/lang/NullPointerException'> (0x00000000d6ec2870) thrown at [C:\re\workspace\8-2-build-windows-amd64-cygwin\jdk8u202\12323\hotspot\src\share\vm\interpreter\linkResolver.cpp, line 1185]
Event: 9.185 Thread 0x000000001b72e000 Exception <a 'java/lang/NullPointerException'> (0x00000000d6ec2a78) thrown at [C:\re\workspace\8-2-build-windows-amd64-cygwin\jdk8u202\12323\hotspot\src\share\vm\interpreter\linkResolver.cpp, line 1185]
Event: 40.874 Thread 0x000000001b72c800 Implicit null exception at 0x000000000365b3ab to 0x000000000365d07d
Event: 62.275 Thread 0x000000001b727000 Exception <a 'sun/net/ConnectionResetException': > (0x00000000d7d57078) thrown at [C:\re\workspace\8-2-build-windows-amd64-cygwin\jdk8u202\12323\hotspot\src\share\vm\prims\jni.cpp, line 736]
Event: 62.275 Thread 0x000000001b727000 Exception <a 'sun/net/ConnectionResetException': > (0x00000000d7d572a8) thrown at [C:\re\workspace\8-2-build-windows-amd64-cygwin\jdk8u202\12323\hotspot\src\share\vm\prims\jni.cpp, line 736]
Event: 63.299 Thread 0x000000001b72b000 Implicit null exception at 0x0000000003b45e90 to 0x0000000003b45f11

Events (10 events):
Event: 63.299 Thread 0x000000001b729800 Thread exited: 0x000000001b729800
Event: 63.299 Thread 0x000000001b72b000 Uncommon trap: trap_request=0xffffff65 fr.pc=0x0000000003b45f2c
Event: 63.299 Thread 0x000000001b72b000 DEOPT PACKING pc=0x0000000003b45f2c sp=0x00000000535ff660
Event: 63.299 Thread 0x000000001b72b000 DEOPT UNPACKING pc=0x000000000331583b sp=0x00000000535ff610 mode 2
Event: 63.300 loading class java/lang/ProcessBuilder
Event: 63.301 loading class java/lang/ProcessBuilder done
Event: 63.301 loading class java/lang/ProcessImpl
Event: 63.301 loading class java/lang/Process
Event: 63.301 loading class java/lang/Process done
Event: 63.301 loading class java/lang/ProcessImpl done


Dynamic libraries:
0x00007ff64cfb0000 - 0x00007ff64cfe7000 	C:\Program Files\Java\jdk1.8.0_202\bin\java.exe
0x00007ffceb2f0000 - 0x00007ffceb504000 	C:\WINDOWS\SYSTEM32\ntdll.dll
0x00007ffcea8b0000 - 0x00007ffcea972000 	C:\WINDOWS\System32\KERNEL32.DLL
0x00007ffce8af0000 - 0x00007ffce8e8d000 	C:\WINDOWS\System32\KERNELBASE.dll
0x00007ffceaef0000 - 0x00007ffceaf9e000 	C:\WINDOWS\System32\ADVAPI32.dll
0x00007ffceafa0000 - 0x00007ffceb047000 	C:\WINDOWS\System32\msvcrt.dll
0x00007ffceb200000 - 0x00007ffceb2a4000 	C:\WINDOWS\System32\sechost.dll
0x00007ffceadd0000 - 0x00007ffceaee5000 	C:\WINDOWS\System32\RPCRT4.dll
0x00007ffcea560000 - 0x00007ffcea70a000 	C:\WINDOWS\System32\USER32.dll
0x00007ffce89a0000 - 0x00007ffce89c6000 	C:\WINDOWS\System32\win32u.dll
0x00007ffcea4f0000 - 0x00007ffcea519000 	C:\WINDOWS\System32\GDI32.dll
0x00007ffce89d0000 - 0x00007ffce8ae2000 	C:\WINDOWS\System32\gdi32full.dll
0x00007ffce8790000 - 0x00007ffce882a000 	C:\WINDOWS\System32\msvcp_win.dll
0x00007ffce8fd0000 - 0x00007ffce90e1000 	C:\WINDOWS\System32\ucrtbase.dll
0x00007ffccacc0000 - 0x00007ffccaf4e000 	C:\WINDOWS\WinSxS\amd64_microsoft.windows.common-controls_6595b64144ccf1df_6.0.22621.608_none_a9444ca7c10bb01d\COMCTL32.dll
0x00007ffcea520000 - 0x00007ffcea552000 	C:\WINDOWS\System32\IMM32.DLL
0x0000000056320000 - 0x00000000563f2000 	C:\Program Files\Java\jdk1.8.0_202\jre\bin\msvcr100.dll
0x0000000056400000 - 0x0000000056ca5000 	C:\Program Files\Java\jdk1.8.0_202\jre\bin\server\jvm.dll
0x00007ffceb050000 - 0x00007ffceb058000 	C:\WINDOWS\System32\PSAPI.DLL
0x00007ffce2990000 - 0x00007ffce2999000 	C:\WINDOWS\SYSTEM32\WSOCK32.dll
0x00007ffce1ee0000 - 0x00007ffce1eea000 	C:\WINDOWS\SYSTEM32\VERSION.dll
0x00007ffce1910000 - 0x00007ffce1944000 	C:\WINDOWS\SYSTEM32\WINMM.dll
0x00007ffce9740000 - 0x00007ffce97b1000 	C:\WINDOWS\System32\WS2_32.dll
0x00007ffce0fa0000 - 0x00007ffce0faf000 	C:\Program Files\Java\jdk1.8.0_202\jre\bin\verify.dll
0x00007ffcd4940000 - 0x00007ffcd4969000 	C:\Program Files\Java\jdk1.8.0_202\jre\bin\java.dll
0x00007ffcd48a0000 - 0x00007ffcd48b6000 	C:\Program Files\Java\jdk1.8.0_202\jre\bin\zip.dll
0x00007ffce97c0000 - 0x00007ffce9fa0000 	C:\WINDOWS\System32\SHELL32.dll
0x00007ffce6710000 - 0x00007ffce6fd5000 	C:\WINDOWS\SYSTEM32\windows.storage.dll
0x00007ffce9fa0000 - 0x00007ffcea32a000 	C:\WINDOWS\System32\combase.dll
0x00007ffce65d0000 - 0x00007ffce670e000 	C:\WINDOWS\SYSTEM32\wintypes.dll
0x00007ffceabf0000 - 0x00007ffceace1000 	C:\WINDOWS\System32\SHCORE.dll
0x00007ffce96e0000 - 0x00007ffce973e000 	C:\WINDOWS\System32\shlwapi.dll
0x00007ffce8650000 - 0x00007ffce8671000 	C:\WINDOWS\SYSTEM32\profapi.dll
0x00007ffce7eb0000 - 0x00007ffce7ecb000 	C:\WINDOWS\SYSTEM32\CRYPTSP.dll
0x00007ffce76c0000 - 0x00007ffce76f5000 	C:\WINDOWS\system32\rsaenh.dll
0x00007ffce7c40000 - 0x00007ffce7c68000 	C:\WINDOWS\SYSTEM32\USERENV.dll
0x00007ffce80c0000 - 0x00007ffce80e8000 	C:\WINDOWS\SYSTEM32\bcrypt.dll
0x00007ffce8e90000 - 0x00007ffce8f0b000 	C:\WINDOWS\System32\bcryptprimitives.dll
0x00007ffce7d90000 - 0x00007ffce7d9c000 	C:\WINDOWS\SYSTEM32\CRYPTBASE.dll
0x00007ffcb39f0000 - 0x00007ffcb3a0a000 	C:\Program Files\Java\jdk1.8.0_202\jre\bin\net.dll
0x00007ffcda8c0000 - 0x00007ffcdaab0000 	C:\WINDOWS\SYSTEM32\urlmon.dll
0x00007ffcd9800000 - 0x00007ffcd9828000 	C:\WINDOWS\SYSTEM32\srvcli.dll
0x00007ffcd98e0000 - 0x00007ffcd9b91000 	C:\WINDOWS\SYSTEM32\iertutil.dll
0x00007ffce7220000 - 0x00007ffce722c000 	C:\WINDOWS\SYSTEM32\netutils.dll
0x00007ffce7ba0000 - 0x00007ffce7c09000 	C:\WINDOWS\system32\mswsock.dll
0x00007ffce7230000 - 0x00007ffce725d000 	C:\WINDOWS\SYSTEM32\IPHLPAPI.DLL
0x00007ffceb080000 - 0x00007ffceb089000 	C:\WINDOWS\System32\NSI.dll
0x00007ffce1ef0000 - 0x00007ffce1f09000 	C:\WINDOWS\SYSTEM32\dhcpcsvc6.DLL
0x00007ffce1830000 - 0x00007ffce184f000 	C:\WINDOWS\SYSTEM32\dhcpcsvc.DLL
0x00007ffce72a0000 - 0x00007ffce7392000 	C:\WINDOWS\SYSTEM32\DNSAPI.dll
0x00007ffcb02c0000 - 0x00007ffcb02d2000 	C:\Program Files\Java\jdk1.8.0_202\jre\bin\nio.dll
0x0000000180000000 - 0x0000000180032000 	C:\Users\Computer\AppData\Local\Temp\jna1014599620303085205.tmp
0x00007ffc8ea80000 - 0x00007ffc8ec19000 	C:\Program Files\Java\jdk1.8.0_202\jre\bin\awt.dll
0x00007ffceacf0000 - 0x00007ffceadc7000 	C:\WINDOWS\System32\OLEAUT32.dll
0x00007ffce56d0000 - 0x00007ffce5767000 	C:\WINDOWS\SYSTEM32\apphelp.dll
0x00007ffce5d70000 - 0x00007ffce5d9b000 	C:\WINDOWS\system32\DWMAPI.DLL
0x00007ffce5960000 - 0x00007ffce5a0b000 	C:\WINDOWS\system32\uxtheme.dll
0x00007ffcc14d0000 - 0x00007ffcc15d0000 	C:\WINDOWS\system32\opengl32.dll
0x00007ffcdf0e0000 - 0x00007ffcdf10d000 	C:\WINDOWS\SYSTEM32\GLU32.dll
0x00007ffce5a50000 - 0x00007ffce5a86000 	C:\WINDOWS\SYSTEM32\dxcore.dll
0x00007ffceaab0000 - 0x00007ffceabce000 	C:\WINDOWS\System32\MSCTF.dll
0x00007ffcea710000 - 0x00007ffcea8ac000 	C:\WINDOWS\System32\ole32.dll
0x00007ffce7750000 - 0x00007ffce7768000 	C:\WINDOWS\SYSTEM32\kernel.appcore.dll
0x00007ffc95a70000 - 0x00007ffc95ab7000 	C:\Program Files\Java\jdk1.8.0_202\jre\bin\fontmanager.dll
0x00007ffce9610000 - 0x00007ffce96c7000 	C:\WINDOWS\System32\clbcatq.dll
0x00007ffce57b0000 - 0x00007ffce5960000 	C:\WINDOWS\SYSTEM32\WindowsCodecs.dll
0x00007ffcb5cd0000 - 0x00007ffcb5d2e000 	C:\WINDOWS\system32\dataexchange.dll
0x00007ffcca020000 - 0x00007ffcca28a000 	C:\WINDOWS\system32\twinapi.appcore.dll
0x00007ffc900e0000 - 0x00007ffc90122000 	C:\Program Files\Java\jdk1.8.0_202\jre\bin\t2k.dll
0x00007ffcd4850000 - 0x00007ffcd4884000 	D:\VideoLAN\VLC\libvlc.dll
0x00007ffc91c50000 - 0x00007ffc91f05000 	D:\VideoLAN\VLC\libvlccore.dll
0x00007ffcdfde0000 - 0x00007ffcdfdf8000 	D:\VideoLAN\VLC\plugins\logger\libfile_logger_plugin.dll
0x00007ffcdedb0000 - 0x00007ffcdedc7000 	D:\VideoLAN\VLC\plugins\logger\libconsole_logger_plugin.dll
0x00007ffcd9380000 - 0x00007ffcd9391000 	D:\VideoLAN\VLC\plugins\keystore\libmemory_keystore_plugin.dll
0x00007ffcb73e0000 - 0x00007ffcb73f7000 	D:\VideoLAN\VLC\plugins\audio_output\libmmdevice_plugin.dll
0x00007ffcdfc10000 - 0x00007ffcdfcad000 	C:\WINDOWS\System32\MMDevApi.dll
0x00007ffce8420000 - 0x00007ffce8453000 	C:\WINDOWS\System32\DEVOBJ.dll
0x00007ffce83d0000 - 0x00007ffce841e000 	C:\WINDOWS\SYSTEM32\cfgmgr32.dll
0x00007ffcd6550000 - 0x00007ffcd6734000 	C:\WINDOWS\SYSTEM32\AUDIOSES.DLL
0x00007ffcc5bb0000 - 0x00007ffcc5d24000 	C:\Windows\System32\Windows.UI.dll
0x00007ffcc18e0000 - 0x00007ffcc1a0d000 	C:\WINDOWS\SYSTEM32\textinputframework.dll
0x00007ffce4fb0000 - 0x00007ffce50e3000 	C:\WINDOWS\SYSTEM32\CoreMessaging.dll
0x00007ffcc00a0000 - 0x00007ffcc040c000 	C:\WINDOWS\SYSTEM32\CoreUIComponents.dll
0x00007ffc93da0000 - 0x00007ffc93dd1000 	C:\Program Files\Java\jdk1.8.0_202\jre\bin\jpeg.dll
0x00007ffce6100000 - 0x00007ffce632e000 	C:\WINDOWS\SYSTEM32\dbghelp.dll

VM Arguments:
jvm_args: -Dfile.encoding=UTF-8 
java_command: server.Main
java_class_path (initial): D:\B_Work\CoDE\Java OOP\3_8_videostreaming\lib\jna-3.1.0.jar;D:\B_Work\CoDE\Java OOP\3_8_videostreaming\lib\jna-3.3.0-platform.jar;D:\B_Work\CoDE\Java OOP\3_8_videostreaming\lib\vlcj-2.1.0.jar;D:\B_Work\CoDE\Java OOP\3_8_videostreaming\lib\bridj-0.6.2.jar;D:\B_Work\CoDE\Java OOP\3_8_videostreaming\lib\slf4j-api-1.7.2.jar;D:\B_Work\CoDE\Java OOP\3_8_videostreaming\lib\webcam-capture-0.3.12.jar;D:\B_Work\CoDE\Java OOP\3_8_videostreaming\build\classes
Launcher Type: SUN_STANDARD

Environment Variables:
JAVA_HOME=C:\Program Files\Java\jdk1.8.0_202
PATH=C:\Python310\Scripts\;C:\Python310\;C:\Program Files (x86)\Common Files\Oracle\Java\javapath;C:\Program Files\Common Files\Oracle\Java\javapath;C:\ProgramData\Oracle\Java\javapath;C:\Windows\system32;C:\Windows;C:\Windows\System32\Wbem;C:\Windows\System32\WindowsPowerShell\v1.0\;C:\Windows\System32\OpenSSH\;C:\Program Files\NVIDIA Corporation\NVIDIA NvDLISR;C:\Program Files (x86)\NVIDIA Corporation\PhysX\Common;C:\WINDOWS\system32;C:\WINDOWS;C:\WINDOWS\System32\Wbem;C:\WINDOWS\System32\WindowsPowerShell\v1.0\;C:\WINDOWS\System32\OpenSSH\;C:\Program Files\Java\jdk1.8.0_202\bin;C:\Program Files (x86)\Microsoft SQL Server\150\DTS\Binn\;C:\Program Files\Microsoft SQL Server\150\DTS\Binn\;C:\Program Files\Microsoft SQL Server\Client SDK\ODBC\170\Tools\Binn\;C:\Program Files (x86)\Microsoft SQL Server\150\Tools\Binn\;C:\Program Files\Microsoft SQL Server\150\Tools\Binn\;C:\Program Files\Azure Data Studio\bin;C:\Program Files\dotnet\;C:\Program Files\Java\jdk1.8.0_202\bin;C:\Program Files\Java\jdk-11.0.14\bin;C:\Program Files\Java\apache-maven-3.6.0\bin;D:\Git\cmd;D:\ffmpeg-5.1.2\bin;D:\nodejs\;C:\ProgramData\chocolatey\bin;D:\Anaconda;D:\Anaconda\Library\mingw-w64\bin;D:\Anaconda\Library\usr\bin;D:\Anaconda\Library\bin;D:\Anaconda\Scripts;C:\Program Files\MySQL\MySQL Shell 8.0\bin\;C:\Users\Computer\AppData\Local\Programs\Python\Python39\Scripts\;C:\Users\Computer\AppData\Local\Programs\Python\Python39\;C:\Users\Computer\AppData\Local\Microsoft\WindowsApps;C:\Users\Computer\AppData\Local\Microsoft\WindowsApps;C:\Program Files\MinGW64\bin;D:\Microsoft VS Code\bin;C:\Program Files\Azure Data Studio\bin;D:\IntelliJ IDEA 2022.2.1\bin;;C:\Users\Computer\AppData\Local\GitHubDesktop\bin;D:\PyCharm Community Edition 2022.2.2\bin;;C:\Users\Computer\AppData\Roaming\npm
USERNAME=DuongPC
OS=Windows_NT
PROCESSOR_IDENTIFIER=Intel64 Family 6 Model 126 Stepping 5, GenuineIntel



---------------  S Y S T E M  ---------------

OS: Windows 10.0 , 64 bit Build 22621 (10.0.22621.755)

CPU:total 8 (initial active 8) (4 cores per cpu, 2 threads per core) family 6 model 126 stepping 5, cmov, cx8, fxsr, mmx, sse, sse2, sse3, ssse3, sse4.1, sse4.2, popcnt, avx, avx2, aes, clmul, erms, 3dnowpref, lzcnt, ht, tsc, tscinvbit, bmi1, bmi2, adx

Memory: 4k page, physical 8150356k(1247408k free), swap 16014676k(5302368k free)

vm_info: Java HotSpot(TM) 64-Bit Server VM (25.202-b08) for windows-amd64 JRE (1.8.0_202-b08), built on Dec 15 2018 19:54:30 by "java_re" with MS VC++ 10.0 (VS2010)

time: Thu Nov 10 02:15:34 2022
timezone: SE Asia Standard Time
elapsed time: 63 seconds (0d 0h 1m 3s)

